[2024-05-26 22:43:00.835] [info] Updating Model file from 10902 to latest format...
[2024-05-26 22:43:00.838] [warning] Model name 'Stark (2016) Spezzoo' contains whitespace.
[2024-05-26 22:43:00.839] [warning] It was renamed to 'Stark(2016)Spezzoo'.
[2024-05-26 22:43:00.911] [info] Loaded model Stark(2016)Spezzoo from file D:\Hoshiramu_robot\IKdata\stark(2016)spezzoo.osim
[2024-05-26 22:43:01.158] [warning] GeometryPath 'path' has subcomponents with duplicate name 'pathpoint'. The duplicate is being renamed to 'pathpoint_0'.
[2024-05-26 22:43:01.158] [info] 'left_trapezius_cervical' Parameter update for the damped-model: ActiveForceLengthCurve minimum value was 0.1 but is now 0.0.
[2024-05-26 22:43:01.158] [warning] GeometryPath 'path' has subcomponents with duplicate name 'pathpoint'. The duplicate is being renamed to 'pathpoint_0'.
[2024-05-26 22:43:01.158] [info] 'left_trapezius_thoracic' Parameter update for the damped-model: ActiveForceLengthCurve minimum value was 0.1 but is now 0.0.
[2024-05-26 22:43:01.158] [warning] GeometryPath 'path' has subcomponents with duplicate name 'pathpoint'. The duplicate is being renamed to 'pathpoint_0'.
[2024-05-26 22:43:01.158] [info] 'left_rhomboideus_thoracic' Parameter update for the damped-model: ActiveForceLengthCurve minimum value was 0.1 but is now 0.0.
[2024-05-26 22:43:01.159] [warning] GeometryPath 'path' has subcomponents with duplicate name 'pathpoint'. The duplicate is being renamed to 'pathpoint_0'.
[2024-05-26 22:43:01.159] [info] 'left_rhomboideus_cervicis' Parameter update for the damped-model: ActiveForceLengthCurve minimum value was 0.1 but is now 0.0.
[2024-05-26 22:43:01.159] [warning] GeometryPath 'path' has subcomponents with duplicate name 'pathpoint'. The duplicate is being renamed to 'pathpoint_0'.
[2024-05-26 22:43:01.159] [info] 'left_latissimus_dorsi' Parameter update for the damped-model: ActiveForceLengthCurve minimum value was 0.1 but is now 0.0.
[2024-05-26 22:43:01.159] [warning] GeometryPath 'path' has subcomponents with duplicate name 'pathpoint'. The duplicate is being renamed to 'pathpoint_0'.
[2024-05-26 22:43:01.159] [warning] GeometryPath 'path' has subcomponents with duplicate name 'pathpoint'. The duplicate is being renamed to 'pathpoint_1'.
[2024-05-26 22:43:01.159] [info] 'left_brachiocephalicus_1' Parameter update for the damped-model: ActiveForceLengthCurve minimum value was 0.1 but is now 0.0.
[2024-05-26 22:43:01.159] [warning] GeometryPath 'path' has subcomponents with duplicate name 'pathpoint'. The duplicate is being renamed to 'pathpoint_0'.
[2024-05-26 22:43:01.159] [warning] GeometryPath 'path' has subcomponents with duplicate name 'pathpoint'. The duplicate is being renamed to 'pathpoint_1'.
[2024-05-26 22:43:01.159] [info] 'left_brachiocephalicus_2' Parameter update for the damped-model: ActiveForceLengthCurve minimum value was 0.1 but is now 0.0.
[2024-05-26 22:43:01.159] [warning] GeometryPath 'path' has subcomponents with duplicate name 'pathpoint'. The duplicate is being renamed to 'pathpoint_0'.
[2024-05-26 22:43:01.159] [info] 'left_serratus_1' Parameter update for the damped-model: ActiveForceLengthCurve minimum value was 0.1 but is now 0.0.
[2024-05-26 22:43:01.159] [warning] GeometryPath 'path' has subcomponents with duplicate name 'pathpoint'. The duplicate is being renamed to 'pathpoint_0'.
[2024-05-26 22:43:01.159] [info] 'left_serratus_2' Parameter update for the damped-model: ActiveForceLengthCurve minimum value was 0.1 but is now 0.0.
[2024-05-26 22:43:01.159] [warning] GeometryPath 'path' has subcomponents with duplicate name 'pathpoint'. The duplicate is being renamed to 'pathpoint_0'.
[2024-05-26 22:43:01.159] [info] 'left_serratus_3' Parameter update for the damped-model: ActiveForceLengthCurve minimum value was 0.1 but is now 0.0.
[2024-05-26 22:43:01.159] [warning] GeometryPath 'path' has subcomponents with duplicate name 'pathpoint'. The duplicate is being renamed to 'pathpoint_0'.
[2024-05-26 22:43:01.159] [info] 'left_serratus_4' Parameter update for the damped-model: ActiveForceLengthCurve minimum value was 0.1 but is now 0.0.
[2024-05-26 22:43:01.159] [warning] GeometryPath 'path' has subcomponents with duplicate name 'pathpoint'. The duplicate is being renamed to 'pathpoint_0'.
[2024-05-26 22:43:01.159] [info] 'left_serratus_5' Parameter update for the damped-model: ActiveForceLengthCurve minimum value was 0.1 but is now 0.0.
[2024-05-26 22:43:01.159] [warning] GeometryPath 'path' has subcomponents with duplicate name 'pathpoint'. The duplicate is being renamed to 'pathpoint_0'.
[2024-05-26 22:43:01.159] [info] 'left_serratus_6' Parameter update for the damped-model: ActiveForceLengthCurve minimum value was 0.1 but is now 0.0.
[2024-05-26 22:43:01.160] [warning] GeometryPath 'path' has subcomponents with duplicate name 'pathpoint'. The duplicate is being renamed to 'pathpoint_0'.
[2024-05-26 22:43:01.160] [info] 'left_serratus_7' Parameter update for the damped-model: ActiveForceLengthCurve minimum value was 0.1 but is now 0.0.
[2024-05-26 22:43:01.160] [warning] GeometryPath 'path' has subcomponents with duplicate name 'pathpoint'. The duplicate is being renamed to 'pathpoint_0'.
[2024-05-26 22:43:01.160] [info] 'left_serratus_8' Parameter update for the damped-model: ActiveForceLengthCurve minimum value was 0.1 but is now 0.0.
[2024-05-26 22:43:01.160] [warning] GeometryPath 'path' has subcomponents with duplicate name 'pathpoint'. The duplicate is being renamed to 'pathpoint_0'.
[2024-05-26 22:43:01.160] [info] 'left_serratus_9' Parameter update for the damped-model: ActiveForceLengthCurve minimum value was 0.1 but is now 0.0.
[2024-05-26 22:43:01.160] [warning] GeometryPath 'path' has subcomponents with duplicate name 'pathpoint'. The duplicate is being renamed to 'pathpoint_0'.
[2024-05-26 22:43:01.160] [info] 'left_serratus_10' Parameter update for the damped-model: ActiveForceLengthCurve minimum value was 0.1 but is now 0.0.
[2024-05-26 22:43:01.160] [warning] GeometryPath 'path' has subcomponents with duplicate name 'pathpoint'. The duplicate is being renamed to 'pathpoint_0'.
[2024-05-26 22:43:01.160] [info] 'left_serratus_11' Parameter update for the damped-model: ActiveForceLengthCurve minimum value was 0.1 but is now 0.0.
[2024-05-26 22:43:01.160] [warning] GeometryPath 'path' has subcomponents with duplicate name 'pathpoint'. The duplicate is being renamed to 'pathpoint_0'.
[2024-05-26 22:43:01.160] [info] 'left_serratus_12' Parameter update for the damped-model: ActiveForceLengthCurve minimum value was 0.1 but is now 0.0.
[2024-05-26 22:43:01.160] [warning] GeometryPath 'path' has subcomponents with duplicate name 'pathpoint'. The duplicate is being renamed to 'pathpoint_0'.
[2024-05-26 22:43:01.160] [info] 'left_pectoralis_profundus' Parameter update for the damped-model: ActiveForceLengthCurve minimum value was 0.1 but is now 0.0.
[2024-05-26 22:43:01.160] [warning] GeometryPath 'path' has subcomponents with duplicate name 'pathpoint'. The duplicate is being renamed to 'pathpoint_0'.
[2024-05-26 22:43:01.160] [info] 'left_pectoralis_superficialis' Parameter update for the damped-model: ActiveForceLengthCurve minimum value was 0.1 but is now 0.0.
[2024-05-26 22:43:01.160] [warning] GeometryPath 'path' has subcomponents with duplicate name 'pathpoint'. The duplicate is being renamed to 'pathpoint_0'.
[2024-05-26 22:43:01.160] [info] 'left_supraspinatus' Parameter update for the damped-model: ActiveForceLengthCurve minimum value was 0.1 but is now 0.0.
[2024-05-26 22:43:01.160] [warning] GeometryPath 'path' has subcomponents with duplicate name 'pathpoint'. The duplicate is being renamed to 'pathpoint_0'.
[2024-05-26 22:43:01.160] [info] 'left_infraspinatus' Parameter update for the damped-model: ActiveForceLengthCurve minimum value was 0.1 but is now 0.0.
[2024-05-26 22:43:01.160] [warning] GeometryPath 'path' has subcomponents with duplicate name 'pathpoint'. The duplicate is being renamed to 'pathpoint_0'.
[2024-05-26 22:43:01.160] [info] 'left_subscapularis' Parameter update for the damped-model: ActiveForceLengthCurve minimum value was 0.1 but is now 0.0.
[2024-05-26 22:43:01.161] [warning] GeometryPath 'path' has subcomponents with duplicate name 'pathpoint'. The duplicate is being renamed to 'pathpoint_0'.
[2024-05-26 22:43:01.161] [info] 'left_deltoideus_sca' Parameter update for the damped-model: ActiveForceLengthCurve minimum value was 0.1 but is now 0.0.
[2024-05-26 22:43:01.161] [warning] GeometryPath 'path' has subcomponents with duplicate name 'pathpoint'. The duplicate is being renamed to 'pathpoint_0'.
[2024-05-26 22:43:01.161] [info] 'left_deltoideus_acr' Parameter update for the damped-model: ActiveForceLengthCurve minimum value was 0.1 but is now 0.0.
[2024-05-26 22:43:01.161] [warning] GeometryPath 'path' has subcomponents with duplicate name 'pathpoint'. The duplicate is being renamed to 'pathpoint_0'.
[2024-05-26 22:43:01.161] [info] 'left_teres_major' Parameter update for the damped-model: ActiveForceLengthCurve minimum value was 0.1 but is now 0.0.
[2024-05-26 22:43:01.161] [warning] GeometryPath 'path' has subcomponents with duplicate name 'pathpoint'. The duplicate is being renamed to 'pathpoint_0'.
[2024-05-26 22:43:01.161] [info] 'left_teres_minor' Parameter update for the damped-model: ActiveForceLengthCurve minimum value was 0.1 but is now 0.0.
[2024-05-26 22:43:01.162] [warning] GeometryPath 'path' has subcomponents with duplicate name 'pathpoint'. The duplicate is being renamed to 'pathpoint_0'.
[2024-05-26 22:43:01.162] [info] 'left_coracobrachialis' Parameter update for the damped-model: ActiveForceLengthCurve minimum value was 0.1 but is now 0.0.
[2024-05-26 22:43:01.162] [warning] GeometryPath 'path' has subcomponents with duplicate name 'pathpoint'. The duplicate is being renamed to 'pathpoint_0'.
[2024-05-26 22:43:01.162] [warning] GeometryPath 'path' has subcomponents with duplicate name 'pathwrap'. The duplicate is being renamed to 'pathwrap_0'.
[2024-05-26 22:43:01.162] [info] 'left_biceps_brachii' Parameter update for the damped-model: ActiveForceLengthCurve minimum value was 0.1 but is now 0.0.
[2024-05-26 22:43:01.162] [warning] GeometryPath 'path' has subcomponents with duplicate name 'pathpoint'. The duplicate is being renamed to 'pathpoint_0'.
[2024-05-26 22:43:01.162] [warning] GeometryPath 'path' has subcomponents with duplicate name 'pathpoint'. The duplicate is being renamed to 'pathpoint_1'.
[2024-05-26 22:43:01.162] [warning] GeometryPath 'path' has subcomponents with duplicate name 'pathwrap'. The duplicate is being renamed to 'pathwrap_0'.
[2024-05-26 22:43:01.162] [info] 'left_brachialis' Parameter update for the damped-model: ActiveForceLengthCurve minimum value was 0.1 but is now 0.0.
[2024-05-26 22:43:01.162] [warning] GeometryPath 'path' has subcomponents with duplicate name 'pathpoint'. The duplicate is being renamed to 'pathpoint_0'.
[2024-05-26 22:43:01.162] [info] 'left_triceps_caput_longum' Parameter update for the damped-model: ActiveForceLengthCurve minimum value was 0.1 but is now 0.0.
[2024-05-26 22:43:01.162] [warning] GeometryPath 'path' has subcomponents with duplicate name 'pathpoint'. The duplicate is being renamed to 'pathpoint_0'.
[2024-05-26 22:43:01.162] [warning] GeometryPath 'path' has subcomponents with duplicate name 'pathwrap'. The duplicate is being renamed to 'pathwrap_0'.
[2024-05-26 22:43:01.162] [info] 'left_triceps_caput_laterale' Parameter update for the damped-model: ActiveForceLengthCurve minimum value was 0.1 but is now 0.0.
[2024-05-26 22:43:01.162] [warning] GeometryPath 'path' has subcomponents with duplicate name 'pathpoint'. The duplicate is being renamed to 'pathpoint_0'.
[2024-05-26 22:43:01.162] [warning] GeometryPath 'path' has subcomponents with duplicate name 'pathwrap'. The duplicate is being renamed to 'pathwrap_0'.
[2024-05-26 22:43:01.162] [info] 'left_triceps_caput_accessorium' Parameter update for the damped-model: ActiveForceLengthCurve minimum value was 0.1 but is now 0.0.
[2024-05-26 22:43:01.162] [warning] GeometryPath 'path' has subcomponents with duplicate name 'pathpoint'. The duplicate is being renamed to 'pathpoint_0'.
[2024-05-26 22:43:01.162] [warning] GeometryPath 'path' has subcomponents with duplicate name 'pathwrap'. The duplicate is being renamed to 'pathwrap_0'.
[2024-05-26 22:43:01.162] [info] 'left_triceps_caput_medial' Parameter update for the damped-model: ActiveForceLengthCurve minimum value was 0.1 but is now 0.0.
[2024-05-26 22:43:01.162] [warning] GeometryPath 'path' has subcomponents with duplicate name 'pathpoint'. The duplicate is being renamed to 'pathpoint_0'.
[2024-05-26 22:43:01.162] [warning] GeometryPath 'path' has subcomponents with duplicate name 'pathpoint'. The duplicate is being renamed to 'pathpoint_1'.
[2024-05-26 22:43:01.162] [warning] GeometryPath 'path' has subcomponents with duplicate name 'pathwrap'. The duplicate is being renamed to 'pathwrap_0'.
[2024-05-26 22:43:01.162] [info] 'left_anconeus' Parameter update for the damped-model: ActiveForceLengthCurve minimum value was 0.1 but is now 0.0.
[2024-05-26 22:43:01.162] [warning] GeometryPath 'path' has subcomponents with duplicate name 'pathpoint'. The duplicate is being renamed to 'pathpoint_0'.
[2024-05-26 22:43:01.163] [warning] GeometryPath 'path' has subcomponents with duplicate name 'pathpoint'. The duplicate is being renamed to 'pathpoint_1'.
[2024-05-26 22:43:01.163] [warning] GeometryPath 'path' has subcomponents with duplicate name 'pathwrap'. The duplicate is being renamed to 'pathwrap_0'.
[2024-05-26 22:43:01.163] [info] 'left_pronator_teres' Parameter update for the damped-model: ActiveForceLengthCurve minimum value was 0.1 but is now 0.0.
[2024-05-26 22:43:01.163] [warning] GeometryPath 'path' has subcomponents with duplicate name 'pathpoint'. The duplicate is being renamed to 'pathpoint_0'.
[2024-05-26 22:43:01.163] [warning] GeometryPath 'path' has subcomponents with duplicate name 'pathpoint'. The duplicate is being renamed to 'pathpoint_1'.
[2024-05-26 22:43:01.163] [warning] GeometryPath 'path' has subcomponents with duplicate name 'pathwrap'. The duplicate is being renamed to 'pathwrap_0'.
[2024-05-26 22:43:01.163] [info] 'left_supinator' Parameter update for the damped-model: ActiveForceLengthCurve minimum value was 0.1 but is now 0.0.
[2024-05-26 22:43:01.163] [warning] GeometryPath 'path' has subcomponents with duplicate name 'pathpoint'. The duplicate is being renamed to 'pathpoint_0'.
[2024-05-26 22:43:01.163] [warning] GeometryPath 'path' has subcomponents with duplicate name 'pathpoint'. The duplicate is being renamed to 'pathpoint_1'.
[2024-05-26 22:43:01.163] [info] 'left_flexor_carpi_radialis' Parameter update for the damped-model: ActiveForceLengthCurve minimum value was 0.1 but is now 0.0.
[2024-05-26 22:43:01.163] [warning] GeometryPath 'path' has subcomponents with duplicate name 'pathpoint'. The duplicate is being renamed to 'pathpoint_0'.
[2024-05-26 22:43:01.163] [warning] GeometryPath 'path' has subcomponents with duplicate name 'pathpoint'. The duplicate is being renamed to 'pathpoint_1'.
[2024-05-26 22:43:01.163] [warning] GeometryPath 'path' has subcomponents with duplicate name 'pathwrap'. The duplicate is being renamed to 'pathwrap_0'.
[2024-05-26 22:43:01.163] [warning] GeometryPath 'path' has subcomponents with duplicate name 'pathwrap'. The duplicate is being renamed to 'pathwrap_1'.
[2024-05-26 22:43:01.163] [info] 'left_flexor_carpi_ulnaris' Parameter update for the damped-model: ActiveForceLengthCurve minimum value was 0.1 but is now 0.0.
[2024-05-26 22:43:01.163] [warning] GeometryPath 'path' has subcomponents with duplicate name 'pathpoint'. The duplicate is being renamed to 'pathpoint_0'.
[2024-05-26 22:43:01.163] [warning] GeometryPath 'path' has subcomponents with duplicate name 'pathpoint'. The duplicate is being renamed to 'pathpoint_1'.
[2024-05-26 22:43:01.163] [warning] GeometryPath 'path' has subcomponents with duplicate name 'pathwrap'. The duplicate is being renamed to 'pathwrap_0'.
[2024-05-26 22:43:01.163] [warning] GeometryPath 'path' has subcomponents with duplicate name 'pathwrap'. The duplicate is being renamed to 'pathwrap_1'.
[2024-05-26 22:43:01.163] [info] 'left_extensor_carpi_ulnaris' Parameter update for the damped-model: ActiveForceLengthCurve minimum value was 0.1 but is now 0.0.
[2024-05-26 22:43:01.163] [warning] GeometryPath 'path' has subcomponents with duplicate name 'pathpoint'. The duplicate is being renamed to 'pathpoint_0'.
[2024-05-26 22:43:01.163] [warning] GeometryPath 'path' has subcomponents with duplicate name 'pathpoint'. The duplicate is being renamed to 'pathpoint_1'.
[2024-05-26 22:43:01.163] [warning] GeometryPath 'path' has subcomponents with duplicate name 'pathpoint'. The duplicate is being renamed to 'pathpoint_2'.
[2024-05-26 22:43:01.163] [warning] GeometryPath 'path' has subcomponents with duplicate name 'pathwrap'. The duplicate is being renamed to 'pathwrap_0'.
[2024-05-26 22:43:01.163] [warning] GeometryPath 'path' has subcomponents with duplicate name 'pathwrap'. The duplicate is being renamed to 'pathwrap_1'.
[2024-05-26 22:43:01.163] [info] 'left_extensor_carpi_radialis' Parameter update for the damped-model: ActiveForceLengthCurve minimum value was 0.1 but is now 0.0.
[2024-05-26 22:43:01.163] [warning] GeometryPath 'path' has subcomponents with duplicate name 'pathpoint'. The duplicate is being renamed to 'pathpoint_0'.
[2024-05-26 22:43:01.163] [warning] GeometryPath 'path' has subcomponents with duplicate name 'pathpoint'. The duplicate is being renamed to 'pathpoint_1'.
[2024-05-26 22:43:01.163] [warning] GeometryPath 'path' has subcomponents with duplicate name 'pathwrap'. The duplicate is being renamed to 'pathwrap_0'.
[2024-05-26 22:43:01.163] [info] 'left_abductor_policis_longum' Parameter update for the damped-model: ActiveForceLengthCurve minimum value was 0.1 but is now 0.0.
[2024-05-26 22:43:01.164] [warning] GeometryPath 'path' has subcomponents with duplicate name 'pathpoint'. The duplicate is being renamed to 'pathpoint_0'.
[2024-05-26 22:43:01.164] [info] 'right_trapezius_cervical' Parameter update for the damped-model: ActiveForceLengthCurve minimum value was 0.1 but is now 0.0.
[2024-05-26 22:43:01.164] [warning] GeometryPath 'path' has subcomponents with duplicate name 'pathpoint'. The duplicate is being renamed to 'pathpoint_0'.
[2024-05-26 22:43:01.164] [info] 'right_trapezius_thoracic' Parameter update for the damped-model: ActiveForceLengthCurve minimum value was 0.1 but is now 0.0.
[2024-05-26 22:43:01.164] [warning] GeometryPath 'path' has subcomponents with duplicate name 'pathpoint'. The duplicate is being renamed to 'pathpoint_0'.
[2024-05-26 22:43:01.164] [info] 'right_rhomboideus_thoracic' Parameter update for the damped-model: ActiveForceLengthCurve minimum value was 0.1 but is now 0.0.
[2024-05-26 22:43:01.164] [warning] GeometryPath 'path' has subcomponents with duplicate name 'pathpoint'. The duplicate is being renamed to 'pathpoint_0'.
[2024-05-26 22:43:01.164] [info] 'right_rhomboideus_cervicis' Parameter update for the damped-model: ActiveForceLengthCurve minimum value was 0.1 but is now 0.0.
[2024-05-26 22:43:01.164] [warning] GeometryPath 'path' has subcomponents with duplicate name 'pathpoint'. The duplicate is being renamed to 'pathpoint_0'.
[2024-05-26 22:43:01.164] [info] 'right_latissimus_dorsi' Parameter update for the damped-model: ActiveForceLengthCurve minimum value was 0.1 but is now 0.0.
[2024-05-26 22:43:01.164] [warning] GeometryPath 'path' has subcomponents with duplicate name 'pathpoint'. The duplicate is being renamed to 'pathpoint_0'.
[2024-05-26 22:43:01.164] [warning] GeometryPath 'path' has subcomponents with duplicate name 'pathpoint'. The duplicate is being renamed to 'pathpoint_1'.
[2024-05-26 22:43:01.164] [info] 'right_brachiocephalicus_1' Parameter update for the damped-model: ActiveForceLengthCurve minimum value was 0.1 but is now 0.0.
[2024-05-26 22:43:01.164] [warning] GeometryPath 'path' has subcomponents with duplicate name 'pathpoint'. The duplicate is being renamed to 'pathpoint_0'.
[2024-05-26 22:43:01.164] [warning] GeometryPath 'path' has subcomponents with duplicate name 'pathpoint'. The duplicate is being renamed to 'pathpoint_1'.
[2024-05-26 22:43:01.164] [info] 'right_brachiocephalicus_2' Parameter update for the damped-model: ActiveForceLengthCurve minimum value was 0.1 but is now 0.0.
[2024-05-26 22:43:01.164] [warning] GeometryPath 'path' has subcomponents with duplicate name 'pathpoint'. The duplicate is being renamed to 'pathpoint_0'.
[2024-05-26 22:43:01.164] [info] 'right_serratus_1' Parameter update for the damped-model: ActiveForceLengthCurve minimum value was 0.1 but is now 0.0.
[2024-05-26 22:43:01.164] [warning] GeometryPath 'path' has subcomponents with duplicate name 'pathpoint'. The duplicate is being renamed to 'pathpoint_0'.
[2024-05-26 22:43:01.164] [info] 'right_serratus_2' Parameter update for the damped-model: ActiveForceLengthCurve minimum value was 0.1 but is now 0.0.
[2024-05-26 22:43:01.164] [warning] GeometryPath 'path' has subcomponents with duplicate name 'pathpoint'. The duplicate is being renamed to 'pathpoint_0'.
[2024-05-26 22:43:01.164] [info] 'right_serratus_3' Parameter update for the damped-model: ActiveForceLengthCurve minimum value was 0.1 but is now 0.0.
[2024-05-26 22:43:01.165] [warning] GeometryPath 'path' has subcomponents with duplicate name 'pathpoint'. The duplicate is being renamed to 'pathpoint_0'.
[2024-05-26 22:43:01.165] [info] 'right_serratus_4' Parameter update for the damped-model: ActiveForceLengthCurve minimum value was 0.1 but is now 0.0.
[2024-05-26 22:43:01.165] [warning] GeometryPath 'path' has subcomponents with duplicate name 'pathpoint'. The duplicate is being renamed to 'pathpoint_0'.
[2024-05-26 22:43:01.165] [info] 'right_serratus_5' Parameter update for the damped-model: ActiveForceLengthCurve minimum value was 0.1 but is now 0.0.
[2024-05-26 22:43:01.165] [warning] GeometryPath 'path' has subcomponents with duplicate name 'pathpoint'. The duplicate is being renamed to 'pathpoint_0'.
[2024-05-26 22:43:01.165] [info] 'right_serratus_6' Parameter update for the damped-model: ActiveForceLengthCurve minimum value was 0.1 but is now 0.0.
[2024-05-26 22:43:01.165] [warning] GeometryPath 'path' has subcomponents with duplicate name 'pathpoint'. The duplicate is being renamed to 'pathpoint_0'.
[2024-05-26 22:43:01.165] [info] 'right_serratus_7' Parameter update for the damped-model: ActiveForceLengthCurve minimum value was 0.1 but is now 0.0.
[2024-05-26 22:43:01.165] [warning] GeometryPath 'path' has subcomponents with duplicate name 'pathpoint'. The duplicate is being renamed to 'pathpoint_0'.
[2024-05-26 22:43:01.165] [info] 'right_serratus_8' Parameter update for the damped-model: ActiveForceLengthCurve minimum value was 0.1 but is now 0.0.
[2024-05-26 22:43:01.165] [warning] GeometryPath 'path' has subcomponents with duplicate name 'pathpoint'. The duplicate is being renamed to 'pathpoint_0'.
[2024-05-26 22:43:01.165] [info] 'right_serratus_9' Parameter update for the damped-model: ActiveForceLengthCurve minimum value was 0.1 but is now 0.0.
[2024-05-26 22:43:01.165] [warning] GeometryPath 'path' has subcomponents with duplicate name 'pathpoint'. The duplicate is being renamed to 'pathpoint_0'.
[2024-05-26 22:43:01.165] [info] 'right_serratus_10' Parameter update for the damped-model: ActiveForceLengthCurve minimum value was 0.1 but is now 0.0.
[2024-05-26 22:43:01.165] [warning] GeometryPath 'path' has subcomponents with duplicate name 'pathpoint'. The duplicate is being renamed to 'pathpoint_0'.
[2024-05-26 22:43:01.165] [info] 'right_serratus_11' Parameter update for the damped-model: ActiveForceLengthCurve minimum value was 0.1 but is now 0.0.
[2024-05-26 22:43:01.165] [warning] GeometryPath 'path' has subcomponents with duplicate name 'pathpoint'. The duplicate is being renamed to 'pathpoint_0'.
[2024-05-26 22:43:01.165] [info] 'right_serratus_12' Parameter update for the damped-model: ActiveForceLengthCurve minimum value was 0.1 but is now 0.0.
[2024-05-26 22:43:01.165] [warning] GeometryPath 'path' has subcomponents with duplicate name 'pathpoint'. The duplicate is being renamed to 'pathpoint_0'.
[2024-05-26 22:43:01.165] [info] 'right_pectoralis_profundus' Parameter update for the damped-model: ActiveForceLengthCurve minimum value was 0.1 but is now 0.0.
[2024-05-26 22:43:01.165] [warning] GeometryPath 'path' has subcomponents with duplicate name 'pathpoint'. The duplicate is being renamed to 'pathpoint_0'.
[2024-05-26 22:43:01.165] [info] 'right_pectoralis_superficialis' Parameter update for the damped-model: ActiveForceLengthCurve minimum value was 0.1 but is now 0.0.
[2024-05-26 22:43:01.166] [warning] GeometryPath 'path' has subcomponents with duplicate name 'pathpoint'. The duplicate is being renamed to 'pathpoint_0'.
[2024-05-26 22:43:01.166] [info] 'right_supraspinatus' Parameter update for the damped-model: ActiveForceLengthCurve minimum value was 0.1 but is now 0.0.
[2024-05-26 22:43:01.166] [warning] GeometryPath 'path' has subcomponents with duplicate name 'pathpoint'. The duplicate is being renamed to 'pathpoint_0'.
[2024-05-26 22:43:01.166] [info] 'right_infraspinatus' Parameter update for the damped-model: ActiveForceLengthCurve minimum value was 0.1 but is now 0.0.
[2024-05-26 22:43:01.166] [warning] GeometryPath 'path' has subcomponents with duplicate name 'pathpoint'. The duplicate is being renamed to 'pathpoint_0'.
[2024-05-26 22:43:01.166] [info] 'right_subscapularis' Parameter update for the damped-model: ActiveForceLengthCurve minimum value was 0.1 but is now 0.0.
[2024-05-26 22:43:01.166] [warning] GeometryPath 'path' has subcomponents with duplicate name 'pathpoint'. The duplicate is being renamed to 'pathpoint_0'.
[2024-05-26 22:43:01.166] [info] 'right_deltoideus_sca' Parameter update for the damped-model: ActiveForceLengthCurve minimum value was 0.1 but is now 0.0.
[2024-05-26 22:43:01.166] [warning] GeometryPath 'path' has subcomponents with duplicate name 'pathpoint'. The duplicate is being renamed to 'pathpoint_0'.
[2024-05-26 22:43:01.166] [info] 'right_deltoideus_acr' Parameter update for the damped-model: ActiveForceLengthCurve minimum value was 0.1 but is now 0.0.
[2024-05-26 22:43:01.166] [warning] GeometryPath 'path' has subcomponents with duplicate name 'pathpoint'. The duplicate is being renamed to 'pathpoint_0'.
[2024-05-26 22:43:01.166] [info] 'right_teres_major' Parameter update for the damped-model: ActiveForceLengthCurve minimum value was 0.1 but is now 0.0.
[2024-05-26 22:43:01.166] [warning] GeometryPath 'path' has subcomponents with duplicate name 'pathpoint'. The duplicate is being renamed to 'pathpoint_0'.
[2024-05-26 22:43:01.166] [info] 'right_teres_minor' Parameter update for the damped-model: ActiveForceLengthCurve minimum value was 0.1 but is now 0.0.
[2024-05-26 22:43:01.166] [warning] GeometryPath 'path' has subcomponents with duplicate name 'pathpoint'. The duplicate is being renamed to 'pathpoint_0'.
[2024-05-26 22:43:01.166] [info] 'right_coracobrachialis' Parameter update for the damped-model: ActiveForceLengthCurve minimum value was 0.1 but is now 0.0.
[2024-05-26 22:43:01.166] [warning] GeometryPath 'path' has subcomponents with duplicate name 'pathpoint'. The duplicate is being renamed to 'pathpoint_0'.
[2024-05-26 22:43:01.166] [warning] GeometryPath 'path' has subcomponents with duplicate name 'pathwrap'. The duplicate is being renamed to 'pathwrap_0'.
[2024-05-26 22:43:01.166] [info] 'right_biceps_brachii' Parameter update for the damped-model: ActiveForceLengthCurve minimum value was 0.1 but is now 0.0.
[2024-05-26 22:43:01.166] [warning] GeometryPath 'path' has subcomponents with duplicate name 'pathpoint'. The duplicate is being renamed to 'pathpoint_0'.
[2024-05-26 22:43:01.166] [warning] GeometryPath 'path' has subcomponents with duplicate name 'pathpoint'. The duplicate is being renamed to 'pathpoint_1'.
[2024-05-26 22:43:01.166] [warning] GeometryPath 'path' has subcomponents with duplicate name 'pathwrap'. The duplicate is being renamed to 'pathwrap_0'.
[2024-05-26 22:43:01.166] [info] 'right_brachialis' Parameter update for the damped-model: ActiveForceLengthCurve minimum value was 0.1 but is now 0.0.
[2024-05-26 22:43:01.167] [warning] GeometryPath 'path' has subcomponents with duplicate name 'pathpoint'. The duplicate is being renamed to 'pathpoint_0'.
[2024-05-26 22:43:01.167] [info] 'right_triceps_caput_longum' Parameter update for the damped-model: ActiveForceLengthCurve minimum value was 0.1 but is now 0.0.
[2024-05-26 22:43:01.167] [warning] GeometryPath 'path' has subcomponents with duplicate name 'pathpoint'. The duplicate is being renamed to 'pathpoint_0'.
[2024-05-26 22:43:01.167] [warning] GeometryPath 'path' has subcomponents with duplicate name 'pathwrap'. The duplicate is being renamed to 'pathwrap_0'.
[2024-05-26 22:43:01.167] [info] 'right_triceps_caput_laterale' Parameter update for the damped-model: ActiveForceLengthCurve minimum value was 0.1 but is now 0.0.
[2024-05-26 22:43:01.167] [warning] GeometryPath 'path' has subcomponents with duplicate name 'pathpoint'. The duplicate is being renamed to 'pathpoint_0'.
[2024-05-26 22:43:01.167] [warning] GeometryPath 'path' has subcomponents with duplicate name 'pathwrap'. The duplicate is being renamed to 'pathwrap_0'.
[2024-05-26 22:43:01.167] [info] 'right_triceps_caput_accessorium' Parameter update for the damped-model: ActiveForceLengthCurve minimum value was 0.1 but is now 0.0.
[2024-05-26 22:43:01.167] [warning] GeometryPath 'path' has subcomponents with duplicate name 'pathpoint'. The duplicate is being renamed to 'pathpoint_0'.
[2024-05-26 22:43:01.167] [warning] GeometryPath 'path' has subcomponents with duplicate name 'pathwrap'. The duplicate is being renamed to 'pathwrap_0'.
[2024-05-26 22:43:01.167] [info] 'right_triceps_caput_medial' Parameter update for the damped-model: ActiveForceLengthCurve minimum value was 0.1 but is now 0.0.
[2024-05-26 22:43:01.167] [warning] GeometryPath 'path' has subcomponents with duplicate name 'pathpoint'. The duplicate is being renamed to 'pathpoint_0'.
[2024-05-26 22:43:01.167] [warning] GeometryPath 'path' has subcomponents with duplicate name 'pathpoint'. The duplicate is being renamed to 'pathpoint_1'.
[2024-05-26 22:43:01.167] [warning] GeometryPath 'path' has subcomponents with duplicate name 'pathwrap'. The duplicate is being renamed to 'pathwrap_0'.
[2024-05-26 22:43:01.167] [info] 'right_anconeus' Parameter update for the damped-model: ActiveForceLengthCurve minimum value was 0.1 but is now 0.0.
[2024-05-26 22:43:01.167] [warning] GeometryPath 'path' has subcomponents with duplicate name 'pathpoint'. The duplicate is being renamed to 'pathpoint_0'.
[2024-05-26 22:43:01.167] [warning] GeometryPath 'path' has subcomponents with duplicate name 'pathpoint'. The duplicate is being renamed to 'pathpoint_1'.
[2024-05-26 22:43:01.167] [warning] GeometryPath 'path' has subcomponents with duplicate name 'pathwrap'. The duplicate is being renamed to 'pathwrap_0'.
[2024-05-26 22:43:01.167] [info] 'right_pronator_teres' Parameter update for the damped-model: ActiveForceLengthCurve minimum value was 0.1 but is now 0.0.
[2024-05-26 22:43:01.167] [warning] GeometryPath 'path' has subcomponents with duplicate name 'pathpoint'. The duplicate is being renamed to 'pathpoint_0'.
[2024-05-26 22:43:01.167] [warning] GeometryPath 'path' has subcomponents with duplicate name 'pathpoint'. The duplicate is being renamed to 'pathpoint_1'.
[2024-05-26 22:43:01.167] [warning] GeometryPath 'path' has subcomponents with duplicate name 'pathwrap'. The duplicate is being renamed to 'pathwrap_0'.
[2024-05-26 22:43:01.167] [info] 'right_supinator' Parameter update for the damped-model: ActiveForceLengthCurve minimum value was 0.1 but is now 0.0.
[2024-05-26 22:43:01.167] [warning] GeometryPath 'path' has subcomponents with duplicate name 'pathpoint'. The duplicate is being renamed to 'pathpoint_0'.
[2024-05-26 22:43:01.167] [warning] GeometryPath 'path' has subcomponents with duplicate name 'pathpoint'. The duplicate is being renamed to 'pathpoint_1'.
[2024-05-26 22:43:01.167] [info] 'right_flexor_carpi_radialis' Parameter update for the damped-model: ActiveForceLengthCurve minimum value was 0.1 but is now 0.0.
[2024-05-26 22:43:01.168] [warning] GeometryPath 'path' has subcomponents with duplicate name 'pathpoint'. The duplicate is being renamed to 'pathpoint_0'.
[2024-05-26 22:43:01.168] [warning] GeometryPath 'path' has subcomponents with duplicate name 'pathpoint'. The duplicate is being renamed to 'pathpoint_1'.
[2024-05-26 22:43:01.168] [warning] GeometryPath 'path' has subcomponents with duplicate name 'pathwrap'. The duplicate is being renamed to 'pathwrap_0'.
[2024-05-26 22:43:01.168] [warning] GeometryPath 'path' has subcomponents with duplicate name 'pathwrap'. The duplicate is being renamed to 'pathwrap_1'.
[2024-05-26 22:43:01.168] [info] 'right_flexor_carpi_ulnaris' Parameter update for the damped-model: ActiveForceLengthCurve minimum value was 0.1 but is now 0.0.
[2024-05-26 22:43:01.168] [warning] GeometryPath 'path' has subcomponents with duplicate name 'pathpoint'. The duplicate is being renamed to 'pathpoint_0'.
[2024-05-26 22:43:01.168] [warning] GeometryPath 'path' has subcomponents with duplicate name 'pathpoint'. The duplicate is being renamed to 'pathpoint_1'.
[2024-05-26 22:43:01.168] [warning] GeometryPath 'path' has subcomponents with duplicate name 'pathwrap'. The duplicate is being renamed to 'pathwrap_0'.
[2024-05-26 22:43:01.168] [warning] GeometryPath 'path' has subcomponents with duplicate name 'pathwrap'. The duplicate is being renamed to 'pathwrap_1'.
[2024-05-26 22:43:01.168] [info] 'right_extensor_carpi_ulnaris' Parameter update for the damped-model: ActiveForceLengthCurve minimum value was 0.1 but is now 0.0.
[2024-05-26 22:43:01.168] [warning] GeometryPath 'path' has subcomponents with duplicate name 'pathpoint'. The duplicate is being renamed to 'pathpoint_0'.
[2024-05-26 22:43:01.168] [warning] GeometryPath 'path' has subcomponents with duplicate name 'pathpoint'. The duplicate is being renamed to 'pathpoint_1'.
[2024-05-26 22:43:01.168] [warning] GeometryPath 'path' has subcomponents with duplicate name 'pathpoint'. The duplicate is being renamed to 'pathpoint_2'.
[2024-05-26 22:43:01.168] [warning] GeometryPath 'path' has subcomponents with duplicate name 'pathwrap'. The duplicate is being renamed to 'pathwrap_0'.
[2024-05-26 22:43:01.168] [warning] GeometryPath 'path' has subcomponents with duplicate name 'pathwrap'. The duplicate is being renamed to 'pathwrap_1'.
[2024-05-26 22:43:01.168] [info] 'right_extensor_carpi_radialis' Parameter update for the damped-model: ActiveForceLengthCurve minimum value was 0.1 but is now 0.0.
[2024-05-26 22:43:01.168] [warning] GeometryPath 'path' has subcomponents with duplicate name 'pathpoint'. The duplicate is being renamed to 'pathpoint_0'.
[2024-05-26 22:43:01.168] [warning] GeometryPath 'path' has subcomponents with duplicate name 'pathpoint'. The duplicate is being renamed to 'pathpoint_1'.
[2024-05-26 22:43:01.168] [warning] GeometryPath 'path' has subcomponents with duplicate name 'pathwrap'. The duplicate is being renamed to 'pathwrap_0'.
[2024-05-26 22:43:01.168] [info] 'right_abductor_policis_longum' Parameter update for the damped-model: ActiveForceLengthCurve minimum value was 0.1 but is now 0.0.
[2024-05-26 22:43:01.168] [warning] GeometryPath 'path' has subcomponents with duplicate name 'pathpoint'. The duplicate is being renamed to 'pathpoint_0'.
[2024-05-26 22:43:01.168] [info] 'left_longissimus' Parameter update for the damped-model: ActiveForceLengthCurve minimum value was 0.1 but is now 0.0.
[2024-05-26 22:43:01.168] [warning] GeometryPath 'path' has subcomponents with duplicate name 'pathpoint'. The duplicate is being renamed to 'pathpoint_0'.
[2024-05-26 22:43:01.168] [info] 'left_quadratus_lumborum' Parameter update for the damped-model: ActiveForceLengthCurve minimum value was 0.1 but is now 0.0.
[2024-05-26 22:43:01.169] [warning] GeometryPath 'path' has subcomponents with duplicate name 'pathpoint'. The duplicate is being renamed to 'pathpoint_0'.
[2024-05-26 22:43:01.169] [info] 'left_iliocostalis' Parameter update for the damped-model: ActiveForceLengthCurve minimum value was 0.1 but is now 0.0.
[2024-05-26 22:43:01.169] [warning] GeometryPath 'path' has subcomponents with duplicate name 'pathpoint'. The duplicate is being renamed to 'pathpoint_0'.
[2024-05-26 22:43:01.169] [info] 'right_longissimus' Parameter update for the damped-model: ActiveForceLengthCurve minimum value was 0.1 but is now 0.0.
[2024-05-26 22:43:01.169] [warning] GeometryPath 'path' has subcomponents with duplicate name 'pathpoint'. The duplicate is being renamed to 'pathpoint_0'.
[2024-05-26 22:43:01.169] [info] 'right_quadratus_lumborum' Parameter update for the damped-model: ActiveForceLengthCurve minimum value was 0.1 but is now 0.0.
[2024-05-26 22:43:01.169] [warning] GeometryPath 'path' has subcomponents with duplicate name 'pathpoint'. The duplicate is being renamed to 'pathpoint_0'.
[2024-05-26 22:43:01.169] [info] 'right_iliocostalis' Parameter update for the damped-model: ActiveForceLengthCurve minimum value was 0.1 but is now 0.0.
[2024-05-26 22:43:01.169] [warning] GeometryPath 'path' has subcomponents with duplicate name 'pathpoint'. The duplicate is being renamed to 'pathpoint_0'.
[2024-05-26 22:43:01.169] [info] 'left_sacrocaudalis' Parameter update for the damped-model: ActiveForceLengthCurve minimum value was 0.1 but is now 0.0.
[2024-05-26 22:43:01.169] [warning] GeometryPath 'path' has subcomponents with duplicate name 'pathpoint'. The duplicate is being renamed to 'pathpoint_0'.
[2024-05-26 22:43:01.169] [info] 'left_psoas_major' Parameter update for the damped-model: ActiveForceLengthCurve minimum value was 0.1 but is now 0.0.
[2024-05-26 22:43:01.169] [warning] GeometryPath 'path' has subcomponents with duplicate name 'pathpoint'. The duplicate is being renamed to 'pathpoint_0'.
[2024-05-26 22:43:01.169] [info] 'left_psoas_minor' Parameter update for the damped-model: ActiveForceLengthCurve minimum value was 0.1 but is now 0.0.
[2024-05-26 22:43:01.169] [warning] GeometryPath 'path' has subcomponents with duplicate name 'pathpoint'. The duplicate is being renamed to 'pathpoint_0'.
[2024-05-26 22:43:01.169] [info] 'left_adductor_longus' Parameter update for the damped-model: ActiveForceLengthCurve minimum value was 0.1 but is now 0.0.
[2024-05-26 22:43:01.169] [warning] GeometryPath 'path' has subcomponents with duplicate name 'pathpoint'. The duplicate is being renamed to 'pathpoint_0'.
[2024-05-26 22:43:01.169] [info] 'left_gemelli' Parameter update for the damped-model: ActiveForceLengthCurve minimum value was 0.1 but is now 0.0.
[2024-05-26 22:43:01.170] [warning] GeometryPath 'path' has subcomponents with duplicate name 'pathpoint'. The duplicate is being renamed to 'pathpoint_0'.
[2024-05-26 22:43:01.170] [info] 'left_gluteus_medius' Parameter update for the damped-model: ActiveForceLengthCurve minimum value was 0.1 but is now 0.0.
[2024-05-26 22:43:01.170] [warning] GeometryPath 'path' has subcomponents with duplicate name 'pathpoint'. The duplicate is being renamed to 'pathpoint_0'.
[2024-05-26 22:43:01.170] [info] 'left_gluteus_profundus' Parameter update for the damped-model: ActiveForceLengthCurve minimum value was 0.1 but is now 0.0.
[2024-05-26 22:43:01.170] [warning] GeometryPath 'path' has subcomponents with duplicate name 'pathpoint'. The duplicate is being renamed to 'pathpoint_0'.
[2024-05-26 22:43:01.170] [info] 'left_gluteus_superficialis' Parameter update for the damped-model: ActiveForceLengthCurve minimum value was 0.1 but is now 0.0.
[2024-05-26 22:43:01.170] [warning] GeometryPath 'path' has subcomponents with duplicate name 'pathpoint'. The duplicate is being renamed to 'pathpoint_0'.
[2024-05-26 22:43:01.170] [info] 'left_iliacus' Parameter update for the damped-model: ActiveForceLengthCurve minimum value was 0.1 but is now 0.0.
[2024-05-26 22:43:01.170] [warning] GeometryPath 'path' has subcomponents with duplicate name 'pathpoint'. The duplicate is being renamed to 'pathpoint_0'.
[2024-05-26 22:43:01.170] [info] 'left_obturator_ext' Parameter update for the damped-model: ActiveForceLengthCurve minimum value was 0.1 but is now 0.0.
[2024-05-26 22:43:01.170] [warning] GeometryPath 'path' has subcomponents with duplicate name 'pathpoint'. The duplicate is being renamed to 'pathpoint_0'.
[2024-05-26 22:43:01.170] [info] 'left_obturator_int' Parameter update for the damped-model: ActiveForceLengthCurve minimum value was 0.1 but is now 0.0.
[2024-05-26 22:43:01.170] [warning] GeometryPath 'path' has subcomponents with duplicate name 'pathpoint'. The duplicate is being renamed to 'pathpoint_0'.
[2024-05-26 22:43:01.170] [info] 'left_piriformis' Parameter update for the damped-model: ActiveForceLengthCurve minimum value was 0.1 but is now 0.0.
[2024-05-26 22:43:01.170] [warning] GeometryPath 'path' has subcomponents with duplicate name 'pathpoint'. The duplicate is being renamed to 'pathpoint_0'.
[2024-05-26 22:43:01.170] [info] 'left_pectineus' Parameter update for the damped-model: ActiveForceLengthCurve minimum value was 0.1 but is now 0.0.
[2024-05-26 22:43:01.171] [warning] GeometryPath 'path' has subcomponents with duplicate name 'pathpoint'. The duplicate is being renamed to 'pathpoint_0'.
[2024-05-26 22:43:01.171] [warning] GeometryPath 'path' has subcomponents with duplicate name 'pathpoint'. The duplicate is being renamed to 'pathpoint_1'.
[2024-05-26 22:43:01.171] [warning] GeometryPath 'path' has subcomponents with duplicate name 'pathwrap'. The duplicate is being renamed to 'pathwrap_0'.
[2024-05-26 22:43:01.171] [info] 'left_sartorius_caudal' Parameter update for the damped-model: ActiveForceLengthCurve minimum value was 0.1 but is now 0.0.
[2024-05-26 22:43:01.171] [warning] GeometryPath 'path' has subcomponents with duplicate name 'pathpoint'. The duplicate is being renamed to 'pathpoint_0'.
[2024-05-26 22:43:01.171] [warning] GeometryPath 'path' has subcomponents with duplicate name 'pathpoint'. The duplicate is being renamed to 'pathpoint_1'.
[2024-05-26 22:43:01.171] [warning] GeometryPath 'path' has subcomponents with duplicate name 'pathwrap'. The duplicate is being renamed to 'pathwrap_0'.
[2024-05-26 22:43:01.171] [info] 'left_sartorius_cranial' Parameter update for the damped-model: ActiveForceLengthCurve minimum value was 0.1 but is now 0.0.
[2024-05-26 22:43:01.171] [warning] GeometryPath 'path' has subcomponents with duplicate name 'pathpoint'. The duplicate is being renamed to 'pathpoint_0'.
[2024-05-26 22:43:01.171] [info] 'left_tensor_fasciae' Parameter update for the damped-model: ActiveForceLengthCurve minimum value was 0.1 but is now 0.0.
[2024-05-26 22:43:01.171] [warning] GeometryPath 'path' has subcomponents with duplicate name 'pathpoint'. The duplicate is being renamed to 'pathpoint_0'.
[2024-05-26 22:43:01.171] [info] 'left_quadratus_femoris' Parameter update for the damped-model: ActiveForceLengthCurve minimum value was 0.1 but is now 0.0.
[2024-05-26 22:43:01.171] [warning] GeometryPath 'path' has subcomponents with duplicate name 'pathpoint'. The duplicate is being renamed to 'pathpoint_0'.
[2024-05-26 22:43:01.171] [warning] GeometryPath 'path' has subcomponents with duplicate name 'pathpoint'. The duplicate is being renamed to 'pathpoint_1'.
[2024-05-26 22:43:01.171] [warning] GeometryPath 'path' has subcomponents with duplicate name 'pathwrap'. The duplicate is being renamed to 'pathwrap_0'.
[2024-05-26 22:43:01.171] [info] 'left_vastus_lateralis' Parameter update for the damped-model: ActiveForceLengthCurve minimum value was 0.1 but is now 0.0.
[2024-05-26 22:43:01.171] [warning] GeometryPath 'path' has subcomponents with duplicate name 'pathpoint'. The duplicate is being renamed to 'pathpoint_0'.
[2024-05-26 22:43:01.171] [warning] GeometryPath 'path' has subcomponents with duplicate name 'pathpoint'. The duplicate is being renamed to 'pathpoint_1'.
[2024-05-26 22:43:01.171] [warning] GeometryPath 'path' has subcomponents with duplicate name 'pathwrap'. The duplicate is being renamed to 'pathwrap_0'.
[2024-05-26 22:43:01.171] [info] 'left_vastus_medialis' Parameter update for the damped-model: ActiveForceLengthCurve minimum value was 0.1 but is now 0.0.
[2024-05-26 22:43:01.171] [warning] GeometryPath 'path' has subcomponents with duplicate name 'pathpoint'. The duplicate is being renamed to 'pathpoint_0'.
[2024-05-26 22:43:01.171] [warning] GeometryPath 'path' has subcomponents with duplicate name 'pathpoint'. The duplicate is being renamed to 'pathpoint_1'.
[2024-05-26 22:43:01.171] [warning] GeometryPath 'path' has subcomponents with duplicate name 'pathwrap'. The duplicate is being renamed to 'pathwrap_0'.
[2024-05-26 22:43:01.171] [info] 'left_rectus_femoris' Parameter update for the damped-model: ActiveForceLengthCurve minimum value was 0.1 but is now 0.0.
[2024-05-26 22:43:01.171] [warning] GeometryPath 'path' has subcomponents with duplicate name 'pathpoint'. The duplicate is being renamed to 'pathpoint_0'.
[2024-05-26 22:43:01.171] [warning] GeometryPath 'path' has subcomponents with duplicate name 'pathpoint'. The duplicate is being renamed to 'pathpoint_1'.
[2024-05-26 22:43:01.171] [warning] GeometryPath 'path' has subcomponents with duplicate name 'pathwrap'. The duplicate is being renamed to 'pathwrap_0'.
[2024-05-26 22:43:01.171] [info] 'left_abductor_cruris' Parameter update for the damped-model: ActiveForceLengthCurve minimum value was 0.1 but is now 0.0.
[2024-05-26 22:43:01.172] [warning] GeometryPath 'path' has subcomponents with duplicate name 'pathpoint'. The duplicate is being renamed to 'pathpoint_0'.
[2024-05-26 22:43:01.172] [info] 'left_adductoren' Parameter update for the damped-model: ActiveForceLengthCurve minimum value was 0.1 but is now 0.0.
[2024-05-26 22:43:01.172] [warning] GeometryPath 'path' has subcomponents with duplicate name 'pathpoint'. The duplicate is being renamed to 'pathpoint_0'.
[2024-05-26 22:43:01.172] [warning] GeometryPath 'path' has subcomponents with duplicate name 'pathpoint'. The duplicate is being renamed to 'pathpoint_1'.
[2024-05-26 22:43:01.172] [warning] GeometryPath 'path' has subcomponents with duplicate name 'pathwrap'. The duplicate is being renamed to 'pathwrap_0'.
[2024-05-26 22:43:01.172] [info] 'left_biceps_femoris_longum' Parameter update for the damped-model: ActiveForceLengthCurve minimum value was 0.1 but is now 0.0.
[2024-05-26 22:43:01.172] [warning] GeometryPath 'path' has subcomponents with duplicate name 'pathpoint'. The duplicate is being renamed to 'pathpoint_0'.
[2024-05-26 22:43:01.172] [warning] GeometryPath 'path' has subcomponents with duplicate name 'pathpoint'. The duplicate is being renamed to 'pathpoint_1'.
[2024-05-26 22:43:01.172] [warning] GeometryPath 'path' has subcomponents with duplicate name 'pathwrap'. The duplicate is being renamed to 'pathwrap_0'.
[2024-05-26 22:43:01.172] [info] 'left_biceps_femoris_breve' Parameter update for the damped-model: ActiveForceLengthCurve minimum value was 0.1 but is now 0.0.
[2024-05-26 22:43:01.172] [warning] GeometryPath 'path' has subcomponents with duplicate name 'pathpoint'. The duplicate is being renamed to 'pathpoint_0'.
[2024-05-26 22:43:01.172] [warning] GeometryPath 'path' has subcomponents with duplicate name 'pathpoint'. The duplicate is being renamed to 'pathpoint_1'.
[2024-05-26 22:43:01.172] [warning] GeometryPath 'path' has subcomponents with duplicate name 'pathwrap'. The duplicate is being renamed to 'pathwrap_0'.
[2024-05-26 22:43:01.172] [info] 'left_gracilis_tractus_calcaneus' Parameter update for the damped-model: ActiveForceLengthCurve minimum value was 0.1 but is now 0.0.
[2024-05-26 22:43:01.172] [warning] GeometryPath 'path' has subcomponents with duplicate name 'pathpoint'. The duplicate is being renamed to 'pathpoint_0'.
[2024-05-26 22:43:01.172] [warning] GeometryPath 'path' has subcomponents with duplicate name 'pathpoint'. The duplicate is being renamed to 'pathpoint_1'.
[2024-05-26 22:43:01.172] [warning] GeometryPath 'path' has subcomponents with duplicate name 'pathwrap'. The duplicate is being renamed to 'pathwrap_0'.
[2024-05-26 22:43:01.172] [info] 'left_semimembranosus' Parameter update for the damped-model: ActiveForceLengthCurve minimum value was 0.1 but is now 0.0.
[2024-05-26 22:43:01.172] [warning] GeometryPath 'path' has subcomponents with duplicate name 'pathpoint'. The duplicate is being renamed to 'pathpoint_0'.
[2024-05-26 22:43:01.172] [warning] GeometryPath 'path' has subcomponents with duplicate name 'pathpoint'. The duplicate is being renamed to 'pathpoint_1'.
[2024-05-26 22:43:01.172] [warning] GeometryPath 'path' has subcomponents with duplicate name 'pathwrap'. The duplicate is being renamed to 'pathwrap_0'.
[2024-05-26 22:43:01.172] [info] 'left_semitendinosus' Parameter update for the damped-model: ActiveForceLengthCurve minimum value was 0.1 but is now 0.0.
[2024-05-26 22:43:01.172] [warning] GeometryPath 'path' has subcomponents with duplicate name 'pathpoint'. The duplicate is being renamed to 'pathpoint_0'.
[2024-05-26 22:43:01.172] [warning] GeometryPath 'path' has subcomponents with duplicate name 'pathpoint'. The duplicate is being renamed to 'pathpoint_1'.
[2024-05-26 22:43:01.172] [warning] GeometryPath 'path' has subcomponents with duplicate name 'pathwrap'. The duplicate is being renamed to 'pathwrap_0'.
[2024-05-26 22:43:01.172] [warning] GeometryPath 'path' has subcomponents with duplicate name 'pathwrap'. The duplicate is being renamed to 'pathwrap_1'.
[2024-05-26 22:43:01.172] [info] 'left_gastrocnemius_lateralis' Parameter update for the damped-model: ActiveForceLengthCurve minimum value was 0.1 but is now 0.0.
[2024-05-26 22:43:01.173] [warning] GeometryPath 'path' has subcomponents with duplicate name 'pathpoint'. The duplicate is being renamed to 'pathpoint_0'.
[2024-05-26 22:43:01.173] [warning] GeometryPath 'path' has subcomponents with duplicate name 'pathpoint'. The duplicate is being renamed to 'pathpoint_1'.
[2024-05-26 22:43:01.173] [warning] GeometryPath 'path' has subcomponents with duplicate name 'pathwrap'. The duplicate is being renamed to 'pathwrap_0'.
[2024-05-26 22:43:01.173] [warning] GeometryPath 'path' has subcomponents with duplicate name 'pathwrap'. The duplicate is being renamed to 'pathwrap_1'.
[2024-05-26 22:43:01.173] [info] 'left_gastrocnemius_medialis' Parameter update for the damped-model: ActiveForceLengthCurve minimum value was 0.1 but is now 0.0.
[2024-05-26 22:43:01.173] [warning] GeometryPath 'path' has subcomponents with duplicate name 'pathpoint'. The duplicate is being renamed to 'pathpoint_0'.
[2024-05-26 22:43:01.173] [warning] GeometryPath 'path' has subcomponents with duplicate name 'pathpoint'. The duplicate is being renamed to 'pathpoint_1'.
[2024-05-26 22:43:01.173] [warning] GeometryPath 'path' has subcomponents with duplicate name 'pathwrap'. The duplicate is being renamed to 'pathwrap_0'.
[2024-05-26 22:43:01.173] [info] 'left_peroneus_longus' Parameter update for the damped-model: ActiveForceLengthCurve minimum value was 0.1 but is now 0.0.
[2024-05-26 22:43:01.173] [warning] GeometryPath 'path' has subcomponents with duplicate name 'pathpoint'. The duplicate is being renamed to 'pathpoint_0'.
[2024-05-26 22:43:01.173] [warning] GeometryPath 'path' has subcomponents with duplicate name 'pathpoint'. The duplicate is being renamed to 'pathpoint_1'.
[2024-05-26 22:43:01.173] [warning] GeometryPath 'path' has subcomponents with duplicate name 'pathwrap'. The duplicate is being renamed to 'pathwrap_0'.
[2024-05-26 22:43:01.173] [info] 'left_tibialis_caudalis' Parameter update for the damped-model: ActiveForceLengthCurve minimum value was 0.1 but is now 0.0.
[2024-05-26 22:43:01.173] [warning] GeometryPath 'path' has subcomponents with duplicate name 'pathpoint'. The duplicate is being renamed to 'pathpoint_0'.
[2024-05-26 22:43:01.173] [warning] GeometryPath 'path' has subcomponents with duplicate name 'pathpoint'. The duplicate is being renamed to 'pathpoint_1'.
[2024-05-26 22:43:01.173] [warning] GeometryPath 'path' has subcomponents with duplicate name 'pathwrap'. The duplicate is being renamed to 'pathwrap_0'.
[2024-05-26 22:43:01.173] [info] 'left_tibialis_cranialis' Parameter update for the damped-model: ActiveForceLengthCurve minimum value was 0.1 but is now 0.0.
[2024-05-26 22:43:01.173] [warning] GeometryPath 'path' has subcomponents with duplicate name 'pathpoint'. The duplicate is being renamed to 'pathpoint_0'.
[2024-05-26 22:43:01.173] [warning] GeometryPath 'path' has subcomponents with duplicate name 'pathpoint'. The duplicate is being renamed to 'pathpoint_1'.
[2024-05-26 22:43:01.173] [warning] GeometryPath 'path' has subcomponents with duplicate name 'pathwrap'. The duplicate is being renamed to 'pathwrap_0'.
[2024-05-26 22:43:01.173] [info] 'left_popliteus' Parameter update for the damped-model: ActiveForceLengthCurve minimum value was 0.1 but is now 0.0.
[2024-05-26 22:43:01.173] [warning] GeometryPath 'path' has subcomponents with duplicate name 'pathpoint'. The duplicate is being renamed to 'pathpoint_0'.
[2024-05-26 22:43:01.173] [info] 'right_sacrocaudalis' Parameter update for the damped-model: ActiveForceLengthCurve minimum value was 0.1 but is now 0.0.
[2024-05-26 22:43:01.173] [warning] GeometryPath 'path' has subcomponents with duplicate name 'pathpoint'. The duplicate is being renamed to 'pathpoint_0'.
[2024-05-26 22:43:01.173] [info] 'right_psoas_major' Parameter update for the damped-model: ActiveForceLengthCurve minimum value was 0.1 but is now 0.0.
[2024-05-26 22:43:01.173] [warning] GeometryPath 'path' has subcomponents with duplicate name 'pathpoint'. The duplicate is being renamed to 'pathpoint_0'.
[2024-05-26 22:43:01.173] [info] 'right_psoas_minor' Parameter update for the damped-model: ActiveForceLengthCurve minimum value was 0.1 but is now 0.0.
[2024-05-26 22:43:01.174] [warning] GeometryPath 'path' has subcomponents with duplicate name 'pathpoint'. The duplicate is being renamed to 'pathpoint_0'.
[2024-05-26 22:43:01.174] [info] 'right_adductor_longus' Parameter update for the damped-model: ActiveForceLengthCurve minimum value was 0.1 but is now 0.0.
[2024-05-26 22:43:01.174] [warning] GeometryPath 'path' has subcomponents with duplicate name 'pathpoint'. The duplicate is being renamed to 'pathpoint_0'.
[2024-05-26 22:43:01.174] [info] 'right_gemelli' Parameter update for the damped-model: ActiveForceLengthCurve minimum value was 0.1 but is now 0.0.
[2024-05-26 22:43:01.174] [warning] GeometryPath 'path' has subcomponents with duplicate name 'pathpoint'. The duplicate is being renamed to 'pathpoint_0'.
[2024-05-26 22:43:01.174] [info] 'right_gluteus_medius' Parameter update for the damped-model: ActiveForceLengthCurve minimum value was 0.1 but is now 0.0.
[2024-05-26 22:43:01.174] [warning] GeometryPath 'path' has subcomponents with duplicate name 'pathpoint'. The duplicate is being renamed to 'pathpoint_0'.
[2024-05-26 22:43:01.174] [info] 'right_gluteus_profundus' Parameter update for the damped-model: ActiveForceLengthCurve minimum value was 0.1 but is now 0.0.
[2024-05-26 22:43:01.174] [warning] GeometryPath 'path' has subcomponents with duplicate name 'pathpoint'. The duplicate is being renamed to 'pathpoint_0'.
[2024-05-26 22:43:01.174] [info] 'right_gluteus_superficialis' Parameter update for the damped-model: ActiveForceLengthCurve minimum value was 0.1 but is now 0.0.
[2024-05-26 22:43:01.174] [warning] GeometryPath 'path' has subcomponents with duplicate name 'pathpoint'. The duplicate is being renamed to 'pathpoint_0'.
[2024-05-26 22:43:01.174] [info] 'right_iliacus' Parameter update for the damped-model: ActiveForceLengthCurve minimum value was 0.1 but is now 0.0.
[2024-05-26 22:43:01.174] [warning] GeometryPath 'path' has subcomponents with duplicate name 'pathpoint'. The duplicate is being renamed to 'pathpoint_0'.
[2024-05-26 22:43:01.174] [info] 'right_obturator_ext' Parameter update for the damped-model: ActiveForceLengthCurve minimum value was 0.1 but is now 0.0.
[2024-05-26 22:43:01.174] [warning] GeometryPath 'path' has subcomponents with duplicate name 'pathpoint'. The duplicate is being renamed to 'pathpoint_0'.
[2024-05-26 22:43:01.174] [info] 'right_obturator_int' Parameter update for the damped-model: ActiveForceLengthCurve minimum value was 0.1 but is now 0.0.
[2024-05-26 22:43:01.174] [warning] GeometryPath 'path' has subcomponents with duplicate name 'pathpoint'. The duplicate is being renamed to 'pathpoint_0'.
[2024-05-26 22:43:01.174] [info] 'right_piriformis' Parameter update for the damped-model: ActiveForceLengthCurve minimum value was 0.1 but is now 0.0.
[2024-05-26 22:43:01.174] [warning] GeometryPath 'path' has subcomponents with duplicate name 'pathpoint'. The duplicate is being renamed to 'pathpoint_0'.
[2024-05-26 22:43:01.174] [info] 'right_pectineus' Parameter update for the damped-model: ActiveForceLengthCurve minimum value was 0.1 but is now 0.0.
[2024-05-26 22:43:01.175] [warning] GeometryPath 'path' has subcomponents with duplicate name 'pathpoint'. The duplicate is being renamed to 'pathpoint_0'.
[2024-05-26 22:43:01.175] [warning] GeometryPath 'path' has subcomponents with duplicate name 'pathpoint'. The duplicate is being renamed to 'pathpoint_1'.
[2024-05-26 22:43:01.175] [warning] GeometryPath 'path' has subcomponents with duplicate name 'pathwrap'. The duplicate is being renamed to 'pathwrap_0'.
[2024-05-26 22:43:01.175] [info] 'right_sartorius_caudal' Parameter update for the damped-model: ActiveForceLengthCurve minimum value was 0.1 but is now 0.0.
[2024-05-26 22:43:01.175] [warning] GeometryPath 'path' has subcomponents with duplicate name 'pathpoint'. The duplicate is being renamed to 'pathpoint_0'.
[2024-05-26 22:43:01.175] [warning] GeometryPath 'path' has subcomponents with duplicate name 'pathpoint'. The duplicate is being renamed to 'pathpoint_1'.
[2024-05-26 22:43:01.175] [warning] GeometryPath 'path' has subcomponents with duplicate name 'pathwrap'. The duplicate is being renamed to 'pathwrap_0'.
[2024-05-26 22:43:01.175] [info] 'right_sartorius_cranial' Parameter update for the damped-model: ActiveForceLengthCurve minimum value was 0.1 but is now 0.0.
[2024-05-26 22:43:01.175] [warning] GeometryPath 'path' has subcomponents with duplicate name 'pathpoint'. The duplicate is being renamed to 'pathpoint_0'.
[2024-05-26 22:43:01.175] [info] 'right_tensor_fasciae' Parameter update for the damped-model: ActiveForceLengthCurve minimum value was 0.1 but is now 0.0.
[2024-05-26 22:43:01.175] [warning] GeometryPath 'path' has subcomponents with duplicate name 'pathpoint'. The duplicate is being renamed to 'pathpoint_0'.
[2024-05-26 22:43:01.175] [info] 'right_quadratus_femoris' Parameter update for the damped-model: ActiveForceLengthCurve minimum value was 0.1 but is now 0.0.
[2024-05-26 22:43:01.175] [warning] GeometryPath 'path' has subcomponents with duplicate name 'pathpoint'. The duplicate is being renamed to 'pathpoint_0'.
[2024-05-26 22:43:01.175] [warning] GeometryPath 'path' has subcomponents with duplicate name 'pathpoint'. The duplicate is being renamed to 'pathpoint_1'.
[2024-05-26 22:43:01.175] [warning] GeometryPath 'path' has subcomponents with duplicate name 'pathwrap'. The duplicate is being renamed to 'pathwrap_0'.
[2024-05-26 22:43:01.175] [info] 'right_vastus_lateralis' Parameter update for the damped-model: ActiveForceLengthCurve minimum value was 0.1 but is now 0.0.
[2024-05-26 22:43:01.175] [warning] GeometryPath 'path' has subcomponents with duplicate name 'pathpoint'. The duplicate is being renamed to 'pathpoint_0'.
[2024-05-26 22:43:01.175] [warning] GeometryPath 'path' has subcomponents with duplicate name 'pathpoint'. The duplicate is being renamed to 'pathpoint_1'.
[2024-05-26 22:43:01.175] [warning] GeometryPath 'path' has subcomponents with duplicate name 'pathwrap'. The duplicate is being renamed to 'pathwrap_0'.
[2024-05-26 22:43:01.175] [info] 'right_vastus_medialis' Parameter update for the damped-model: ActiveForceLengthCurve minimum value was 0.1 but is now 0.0.
[2024-05-26 22:43:01.175] [warning] GeometryPath 'path' has subcomponents with duplicate name 'pathpoint'. The duplicate is being renamed to 'pathpoint_0'.
[2024-05-26 22:43:01.175] [warning] GeometryPath 'path' has subcomponents with duplicate name 'pathpoint'. The duplicate is being renamed to 'pathpoint_1'.
[2024-05-26 22:43:01.175] [warning] GeometryPath 'path' has subcomponents with duplicate name 'pathwrap'. The duplicate is being renamed to 'pathwrap_0'.
[2024-05-26 22:43:01.175] [info] 'right_rectus_femoris' Parameter update for the damped-model: ActiveForceLengthCurve minimum value was 0.1 but is now 0.0.
[2024-05-26 22:43:01.175] [warning] GeometryPath 'path' has subcomponents with duplicate name 'pathpoint'. The duplicate is being renamed to 'pathpoint_0'.
[2024-05-26 22:43:01.176] [warning] GeometryPath 'path' has subcomponents with duplicate name 'pathpoint'. The duplicate is being renamed to 'pathpoint_1'.
[2024-05-26 22:43:01.176] [warning] GeometryPath 'path' has subcomponents with duplicate name 'pathwrap'. The duplicate is being renamed to 'pathwrap_0'.
[2024-05-26 22:43:01.176] [info] 'right_abductor_cruris' Parameter update for the damped-model: ActiveForceLengthCurve minimum value was 0.1 but is now 0.0.
[2024-05-26 22:43:01.176] [warning] GeometryPath 'path' has subcomponents with duplicate name 'pathpoint'. The duplicate is being renamed to 'pathpoint_0'.
[2024-05-26 22:43:01.176] [info] 'right_adductoren' Parameter update for the damped-model: ActiveForceLengthCurve minimum value was 0.1 but is now 0.0.
[2024-05-26 22:43:01.176] [warning] GeometryPath 'path' has subcomponents with duplicate name 'pathpoint'. The duplicate is being renamed to 'pathpoint_0'.
[2024-05-26 22:43:01.176] [warning] GeometryPath 'path' has subcomponents with duplicate name 'pathpoint'. The duplicate is being renamed to 'pathpoint_1'.
[2024-05-26 22:43:01.176] [warning] GeometryPath 'path' has subcomponents with duplicate name 'pathwrap'. The duplicate is being renamed to 'pathwrap_0'.
[2024-05-26 22:43:01.176] [info] 'right_biceps_femoris_longum' Parameter update for the damped-model: ActiveForceLengthCurve minimum value was 0.1 but is now 0.0.
[2024-05-26 22:43:01.176] [warning] GeometryPath 'path' has subcomponents with duplicate name 'pathpoint'. The duplicate is being renamed to 'pathpoint_0'.
[2024-05-26 22:43:01.176] [warning] GeometryPath 'path' has subcomponents with duplicate name 'pathpoint'. The duplicate is being renamed to 'pathpoint_1'.
[2024-05-26 22:43:01.176] [warning] GeometryPath 'path' has subcomponents with duplicate name 'pathwrap'. The duplicate is being renamed to 'pathwrap_0'.
[2024-05-26 22:43:01.176] [info] 'right_biceps_femoris_breve' Parameter update for the damped-model: ActiveForceLengthCurve minimum value was 0.1 but is now 0.0.
[2024-05-26 22:43:01.176] [warning] GeometryPath 'path' has subcomponents with duplicate name 'pathpoint'. The duplicate is being renamed to 'pathpoint_0'.
[2024-05-26 22:43:01.176] [warning] GeometryPath 'path' has subcomponents with duplicate name 'pathpoint'. The duplicate is being renamed to 'pathpoint_1'.
[2024-05-26 22:43:01.176] [warning] GeometryPath 'path' has subcomponents with duplicate name 'pathwrap'. The duplicate is being renamed to 'pathwrap_0'.
[2024-05-26 22:43:01.176] [info] 'right_gracilis_tractus_calcaneus' Parameter update for the damped-model: ActiveForceLengthCurve minimum value was 0.1 but is now 0.0.
[2024-05-26 22:43:01.176] [warning] GeometryPath 'path' has subcomponents with duplicate name 'pathpoint'. The duplicate is being renamed to 'pathpoint_0'.
[2024-05-26 22:43:01.176] [warning] GeometryPath 'path' has subcomponents with duplicate name 'pathpoint'. The duplicate is being renamed to 'pathpoint_1'.
[2024-05-26 22:43:01.176] [warning] GeometryPath 'path' has subcomponents with duplicate name 'pathwrap'. The duplicate is being renamed to 'pathwrap_0'.
[2024-05-26 22:43:01.176] [info] 'right_semimembranosus' Parameter update for the damped-model: ActiveForceLengthCurve minimum value was 0.1 but is now 0.0.
[2024-05-26 22:43:01.176] [warning] GeometryPath 'path' has subcomponents with duplicate name 'pathpoint'. The duplicate is being renamed to 'pathpoint_0'.
[2024-05-26 22:43:01.176] [warning] GeometryPath 'path' has subcomponents with duplicate name 'pathpoint'. The duplicate is being renamed to 'pathpoint_1'.
[2024-05-26 22:43:01.176] [warning] GeometryPath 'path' has subcomponents with duplicate name 'pathwrap'. The duplicate is being renamed to 'pathwrap_0'.
[2024-05-26 22:43:01.176] [info] 'right_semitendinosus' Parameter update for the damped-model: ActiveForceLengthCurve minimum value was 0.1 but is now 0.0.
[2024-05-26 22:43:01.176] [warning] GeometryPath 'path' has subcomponents with duplicate name 'pathpoint'. The duplicate is being renamed to 'pathpoint_0'.
[2024-05-26 22:43:01.176] [warning] GeometryPath 'path' has subcomponents with duplicate name 'pathpoint'. The duplicate is being renamed to 'pathpoint_1'.
[2024-05-26 22:43:01.176] [warning] GeometryPath 'path' has subcomponents with duplicate name 'pathwrap'. The duplicate is being renamed to 'pathwrap_0'.
[2024-05-26 22:43:01.176] [warning] GeometryPath 'path' has subcomponents with duplicate name 'pathwrap'. The duplicate is being renamed to 'pathwrap_1'.
[2024-05-26 22:43:01.176] [info] 'right_gastrocnemius_lateralis' Parameter update for the damped-model: ActiveForceLengthCurve minimum value was 0.1 but is now 0.0.
[2024-05-26 22:43:01.177] [warning] GeometryPath 'path' has subcomponents with duplicate name 'pathpoint'. The duplicate is being renamed to 'pathpoint_0'.
[2024-05-26 22:43:01.177] [warning] GeometryPath 'path' has subcomponents with duplicate name 'pathpoint'. The duplicate is being renamed to 'pathpoint_1'.
[2024-05-26 22:43:01.177] [warning] GeometryPath 'path' has subcomponents with duplicate name 'pathwrap'. The duplicate is being renamed to 'pathwrap_0'.
[2024-05-26 22:43:01.177] [warning] GeometryPath 'path' has subcomponents with duplicate name 'pathwrap'. The duplicate is being renamed to 'pathwrap_1'.
[2024-05-26 22:43:01.177] [info] 'right_gastrocnemius_medialis' Parameter update for the damped-model: ActiveForceLengthCurve minimum value was 0.1 but is now 0.0.
[2024-05-26 22:43:01.177] [warning] GeometryPath 'path' has subcomponents with duplicate name 'pathpoint'. The duplicate is being renamed to 'pathpoint_0'.
[2024-05-26 22:43:01.177] [warning] GeometryPath 'path' has subcomponents with duplicate name 'pathpoint'. The duplicate is being renamed to 'pathpoint_1'.
[2024-05-26 22:43:01.177] [warning] GeometryPath 'path' has subcomponents with duplicate name 'pathwrap'. The duplicate is being renamed to 'pathwrap_0'.
[2024-05-26 22:43:01.177] [info] 'right_peroneus_longus' Parameter update for the damped-model: ActiveForceLengthCurve minimum value was 0.1 but is now 0.0.
[2024-05-26 22:43:01.177] [warning] GeometryPath 'path' has subcomponents with duplicate name 'pathpoint'. The duplicate is being renamed to 'pathpoint_0'.
[2024-05-26 22:43:01.177] [warning] GeometryPath 'path' has subcomponents with duplicate name 'pathpoint'. The duplicate is being renamed to 'pathpoint_1'.
[2024-05-26 22:43:01.177] [warning] GeometryPath 'path' has subcomponents with duplicate name 'pathwrap'. The duplicate is being renamed to 'pathwrap_0'.
[2024-05-26 22:43:01.177] [info] 'right_tibialis_caudalis' Parameter update for the damped-model: ActiveForceLengthCurve minimum value was 0.1 but is now 0.0.
[2024-05-26 22:43:01.177] [warning] GeometryPath 'path' has subcomponents with duplicate name 'pathpoint'. The duplicate is being renamed to 'pathpoint_0'.
[2024-05-26 22:43:01.177] [warning] GeometryPath 'path' has subcomponents with duplicate name 'pathpoint'. The duplicate is being renamed to 'pathpoint_1'.
[2024-05-26 22:43:01.177] [warning] GeometryPath 'path' has subcomponents with duplicate name 'pathwrap'. The duplicate is being renamed to 'pathwrap_0'.
[2024-05-26 22:43:01.177] [info] 'right_tibialis_cranialis' Parameter update for the damped-model: ActiveForceLengthCurve minimum value was 0.1 but is now 0.0.
[2024-05-26 22:43:01.177] [warning] GeometryPath 'path' has subcomponents with duplicate name 'pathpoint'. The duplicate is being renamed to 'pathpoint_0'.
[2024-05-26 22:43:01.177] [warning] GeometryPath 'path' has subcomponents with duplicate name 'pathpoint'. The duplicate is being renamed to 'pathpoint_1'.
[2024-05-26 22:43:01.177] [warning] GeometryPath 'path' has subcomponents with duplicate name 'pathwrap'. The duplicate is being renamed to 'pathwrap_0'.
[2024-05-26 22:43:01.177] [info] 'right_popliteus' Parameter update for the damped-model: ActiveForceLengthCurve minimum value was 0.1 but is now 0.0.
